2014-09-13 18:54:19,869  INFO - Root WebApplicationContext: initialization started
2014-09-13 18:54:19,994  INFO - Refreshing Root WebApplicationContext: startup date [Sat Sep 13 18:54:19 CST 2014]; root of context hierarchy
2014-09-13 18:54:20,092  INFO - Loading XML bean definitions from class path resource [applicationContext.xml]
2014-09-13 18:54:20,487  INFO - Pre-instantiating singletons in org.springframework.beans.factory.support.DefaultListableBeanFactory@5bc64e05: defining beans [sessionFactory,dataSource,letterDao,letterService,index,letterAction]; root of factory hierarchy
2014-09-13 18:54:20,661  INFO - Loaded JDBC driver: com.mysql.jdbc.Driver
2014-09-13 18:54:21,382  INFO - Building new Hibernate SessionFactory
2014-09-13 18:54:22,279  INFO - Root WebApplicationContext: initialization completed in 2409 ms
2014-09-13 18:54:22,690  INFO - Parsing configuration file [struts-default.xml]
2014-09-13 18:54:22,836  INFO - Parsing configuration file [struts-plugin.xml]
2014-09-13 18:54:22,864  INFO - Parsing configuration file [struts.xml]
2014-09-13 18:54:22,872  INFO - Choosing bean (spring) for (com.opensymphony.xwork2.ObjectFactory)
2014-09-13 18:54:22,872  INFO - Choosing bean (struts) for (com.opensymphony.xwork2.factory.ActionFactory)
2014-09-13 18:54:22,872  INFO - Choosing bean (struts) for (com.opensymphony.xwork2.factory.ResultFactory)
2014-09-13 18:54:22,872  INFO - Choosing bean (struts) for (com.opensymphony.xwork2.factory.ConverterFactory)
2014-09-13 18:54:22,872  INFO - Choosing bean (struts) for (com.opensymphony.xwork2.factory.InterceptorFactory)
2014-09-13 18:54:22,872  INFO - Choosing bean (struts) for (com.opensymphony.xwork2.factory.ValidatorFactory)
2014-09-13 18:54:22,873  INFO - Choosing bean (struts) for (com.opensymphony.xwork2.FileManagerFactory)
2014-09-13 18:54:22,873  INFO - Choosing bean (struts) for (com.opensymphony.xwork2.conversion.impl.XWorkConverter)
2014-09-13 18:54:22,873  INFO - Choosing bean (struts) for (com.opensymphony.xwork2.conversion.impl.CollectionConverter)
2014-09-13 18:54:22,873  INFO - Choosing bean (struts) for (com.opensymphony.xwork2.conversion.impl.ArrayConverter)
2014-09-13 18:54:22,873  INFO - Choosing bean (struts) for (com.opensymphony.xwork2.conversion.impl.DateConverter)
2014-09-13 18:54:22,873  INFO - Choosing bean (struts) for (com.opensymphony.xwork2.conversion.impl.NumberConverter)
2014-09-13 18:54:22,873  INFO - Choosing bean (struts) for (com.opensymphony.xwork2.conversion.impl.StringConverter)
2014-09-13 18:54:22,874  INFO - Choosing bean (struts) for (com.opensymphony.xwork2.conversion.ConversionPropertiesProcessor)
2014-09-13 18:54:22,874  INFO - Choosing bean (struts) for (com.opensymphony.xwork2.conversion.ConversionFileProcessor)
2014-09-13 18:54:22,874  INFO - Choosing bean (struts) for (com.opensymphony.xwork2.conversion.ConversionAnnotationProcessor)
2014-09-13 18:54:22,874  INFO - Choosing bean (struts) for (com.opensymphony.xwork2.conversion.TypeConverterCreator)
2014-09-13 18:54:22,874  INFO - Choosing bean (struts) for (com.opensymphony.xwork2.conversion.TypeConverterHolder)
2014-09-13 18:54:22,874  INFO - Choosing bean (struts) for (com.opensymphony.xwork2.TextProvider)
2014-09-13 18:54:22,875  INFO - Choosing bean (struts) for (com.opensymphony.xwork2.LocaleProvider)
2014-09-13 18:54:22,875  INFO - Choosing bean (struts) for (com.opensymphony.xwork2.ActionProxyFactory)
2014-09-13 18:54:22,875  INFO - Choosing bean (struts) for (com.opensymphony.xwork2.conversion.ObjectTypeDeterminer)
2014-09-13 18:54:22,875  INFO - Choosing bean (struts) for (org.apache.struts2.dispatcher.mapper.ActionMapper)
2014-09-13 18:54:22,875  INFO - Choosing bean (jakarta) for (org.apache.struts2.dispatcher.multipart.MultiPartRequest)
2014-09-13 18:54:22,875  INFO - Choosing bean (struts) for (org.apache.struts2.views.freemarker.FreemarkerManager)
2014-09-13 18:54:22,878  INFO - Choosing bean (struts) for (org.apache.struts2.components.UrlRenderer)
2014-09-13 18:54:22,878  INFO - Choosing bean (struts) for (com.opensymphony.xwork2.validator.ActionValidatorManager)
2014-09-13 18:54:22,878  INFO - Choosing bean (struts) for (com.opensymphony.xwork2.util.ValueStackFactory)
2014-09-13 18:54:22,878  INFO - Choosing bean (struts) for (com.opensymphony.xwork2.util.reflection.ReflectionProvider)
2014-09-13 18:54:22,878  INFO - Choosing bean (struts) for (com.opensymphony.xwork2.util.reflection.ReflectionContextFactory)
2014-09-13 18:54:22,879  INFO - Choosing bean (struts) for (com.opensymphony.xwork2.util.PatternMatcher)
2014-09-13 18:54:22,879  INFO - Choosing bean (struts) for (org.apache.struts2.dispatcher.StaticContentLoader)
2014-09-13 18:54:22,879  INFO - Choosing bean (struts) for (com.opensymphony.xwork2.UnknownHandlerManager)
2014-09-13 18:54:22,879  INFO - Choosing bean (struts) for (org.apache.struts2.views.util.UrlHelper)
2014-09-13 18:54:22,880  INFO - Choosing bean (struts) for (com.opensymphony.xwork2.util.TextParser)
2014-09-13 18:54:22,929  INFO - Initializing Struts-Spring integration...
2014-09-13 18:54:22,929  INFO - Setting autowire strategy to name
2014-09-13 18:54:22,929  INFO - ... initialized Struts-Spring integration successfully
2014-09-13 18:54:40,204  WARN - Could not find action or result: /
There is no Action mapped for namespace [/] and action name [] associated with context path []. - [unknown location]
	at com.opensymphony.xwork2.DefaultActionProxy.prepare(DefaultActionProxy.java:185)
	at org.apache.struts2.impl.StrutsActionProxy.prepare(StrutsActionProxy.java:63)
	at org.apache.struts2.impl.StrutsActionProxyFactory.createActionProxy(StrutsActionProxyFactory.java:37)
	at com.opensymphony.xwork2.DefaultActionProxyFactory.createActionProxy(DefaultActionProxyFactory.java:58)
	at org.apache.struts2.dispatcher.Dispatcher.serviceAction(Dispatcher.java:552)
	at org.apache.struts2.dispatcher.ng.ExecuteOperations.executeAction(ExecuteOperations.java:77)
	at org.apache.struts2.dispatcher.ng.filter.StrutsPrepareAndExecuteFilter.doFilter(StrutsPrepareAndExecuteFilter.java:99)
	at org.mortbay.jetty.servlet.ServletHandler$CachedChain.doFilter(ServletHandler.java:1084)
	at org.mortbay.jetty.servlet.ServletHandler.handle(ServletHandler.java:360)
	at org.mortbay.jetty.security.SecurityHandler.handle(SecurityHandler.java:216)
	at org.mortbay.jetty.servlet.SessionHandler.handle(SessionHandler.java:181)
	at org.mortbay.jetty.handler.ContextHandler.handle(ContextHandler.java:726)
	at org.mortbay.jetty.webapp.WebAppContext.handle(WebAppContext.java:405)
	at org.mortbay.jetty.handler.ContextHandlerCollection.handle(ContextHandlerCollection.java:206)
	at org.mortbay.jetty.handler.HandlerCollection.handle(HandlerCollection.java:114)
	at org.mortbay.jetty.handler.HandlerWrapper.handle(HandlerWrapper.java:139)
	at org.mortbay.jetty.Server.handle(Server.java:324)
	at org.mortbay.jetty.HttpConnection.handleRequest(HttpConnection.java:505)
	at org.mortbay.jetty.HttpConnection$RequestHandler.headerComplete(HttpConnection.java:828)
	at org.mortbay.jetty.HttpParser.parseNext(HttpParser.java:514)
	at org.mortbay.jetty.HttpParser.parseAvailable(HttpParser.java:211)
	at org.mortbay.jetty.HttpConnection.handle(HttpConnection.java:380)
	at org.mortbay.io.nio.SelectChannelEndPoint.run(SelectChannelEndPoint.java:395)
	at org.mortbay.thread.BoundedThreadPool$PoolThread.run(BoundedThreadPool.java:450)
2014-09-13 18:54:53,059  WARN - Could not find action or result: /
There is no Action mapped for namespace [/] and action name [] associated with context path []. - [unknown location]
	at com.opensymphony.xwork2.DefaultActionProxy.prepare(DefaultActionProxy.java:185)
	at org.apache.struts2.impl.StrutsActionProxy.prepare(StrutsActionProxy.java:63)
	at org.apache.struts2.impl.StrutsActionProxyFactory.createActionProxy(StrutsActionProxyFactory.java:37)
	at com.opensymphony.xwork2.DefaultActionProxyFactory.createActionProxy(DefaultActionProxyFactory.java:58)
	at org.apache.struts2.dispatcher.Dispatcher.serviceAction(Dispatcher.java:552)
	at org.apache.struts2.dispatcher.ng.ExecuteOperations.executeAction(ExecuteOperations.java:77)
	at org.apache.struts2.dispatcher.ng.filter.StrutsPrepareAndExecuteFilter.doFilter(StrutsPrepareAndExecuteFilter.java:99)
	at org.mortbay.jetty.servlet.ServletHandler$CachedChain.doFilter(ServletHandler.java:1084)
	at org.mortbay.jetty.servlet.ServletHandler.handle(ServletHandler.java:360)
	at org.mortbay.jetty.security.SecurityHandler.handle(SecurityHandler.java:216)
	at org.mortbay.jetty.servlet.SessionHandler.handle(SessionHandler.java:181)
	at org.mortbay.jetty.handler.ContextHandler.handle(ContextHandler.java:726)
	at org.mortbay.jetty.webapp.WebAppContext.handle(WebAppContext.java:405)
	at org.mortbay.jetty.handler.ContextHandlerCollection.handle(ContextHandlerCollection.java:206)
	at org.mortbay.jetty.handler.HandlerCollection.handle(HandlerCollection.java:114)
	at org.mortbay.jetty.handler.HandlerWrapper.handle(HandlerWrapper.java:139)
	at org.mortbay.jetty.Server.handle(Server.java:324)
	at org.mortbay.jetty.HttpConnection.handleRequest(HttpConnection.java:505)
	at org.mortbay.jetty.HttpConnection$RequestHandler.headerComplete(HttpConnection.java:828)
	at org.mortbay.jetty.HttpParser.parseNext(HttpParser.java:514)
	at org.mortbay.jetty.HttpParser.parseAvailable(HttpParser.java:211)
	at org.mortbay.jetty.HttpConnection.handle(HttpConnection.java:380)
	at org.mortbay.io.nio.SelectChannelEndPoint.run(SelectChannelEndPoint.java:395)
	at org.mortbay.thread.BoundedThreadPool$PoolThread.run(BoundedThreadPool.java:450)
2014-09-13 18:55:01,830  WARN - Could not find action or result: /
There is no Action mapped for namespace [/] and action name [] associated with context path []. - [unknown location]
	at com.opensymphony.xwork2.DefaultActionProxy.prepare(DefaultActionProxy.java:185)
	at org.apache.struts2.impl.StrutsActionProxy.prepare(StrutsActionProxy.java:63)
	at org.apache.struts2.impl.StrutsActionProxyFactory.createActionProxy(StrutsActionProxyFactory.java:37)
	at com.opensymphony.xwork2.DefaultActionProxyFactory.createActionProxy(DefaultActionProxyFactory.java:58)
	at org.apache.struts2.dispatcher.Dispatcher.serviceAction(Dispatcher.java:552)
	at org.apache.struts2.dispatcher.ng.ExecuteOperations.executeAction(ExecuteOperations.java:77)
	at org.apache.struts2.dispatcher.ng.filter.StrutsPrepareAndExecuteFilter.doFilter(StrutsPrepareAndExecuteFilter.java:99)
	at org.mortbay.jetty.servlet.ServletHandler$CachedChain.doFilter(ServletHandler.java:1084)
	at org.mortbay.jetty.servlet.ServletHandler.handle(ServletHandler.java:360)
	at org.mortbay.jetty.security.SecurityHandler.handle(SecurityHandler.java:216)
	at org.mortbay.jetty.servlet.SessionHandler.handle(SessionHandler.java:181)
	at org.mortbay.jetty.handler.ContextHandler.handle(ContextHandler.java:726)
	at org.mortbay.jetty.webapp.WebAppContext.handle(WebAppContext.java:405)
	at org.mortbay.jetty.handler.ContextHandlerCollection.handle(ContextHandlerCollection.java:206)
	at org.mortbay.jetty.handler.HandlerCollection.handle(HandlerCollection.java:114)
	at org.mortbay.jetty.handler.HandlerWrapper.handle(HandlerWrapper.java:139)
	at org.mortbay.jetty.Server.handle(Server.java:324)
	at org.mortbay.jetty.HttpConnection.handleRequest(HttpConnection.java:505)
	at org.mortbay.jetty.HttpConnection$RequestHandler.headerComplete(HttpConnection.java:828)
	at org.mortbay.jetty.HttpParser.parseNext(HttpParser.java:514)
	at org.mortbay.jetty.HttpParser.parseAvailable(HttpParser.java:211)
	at org.mortbay.jetty.HttpConnection.handle(HttpConnection.java:380)
	at org.mortbay.io.nio.SelectChannelEndPoint.run(SelectChannelEndPoint.java:395)
	at org.mortbay.thread.BoundedThreadPool$PoolThread.run(BoundedThreadPool.java:450)
2014-09-13 18:55:16,715  WARN - Could not find action or result: /tjuwx
There is no Action mapped for namespace [/] and action name [tjuwx] associated with context path []. - [unknown location]
	at com.opensymphony.xwork2.DefaultActionProxy.prepare(DefaultActionProxy.java:185)
	at org.apache.struts2.impl.StrutsActionProxy.prepare(StrutsActionProxy.java:63)
	at org.apache.struts2.impl.StrutsActionProxyFactory.createActionProxy(StrutsActionProxyFactory.java:37)
	at com.opensymphony.xwork2.DefaultActionProxyFactory.createActionProxy(DefaultActionProxyFactory.java:58)
	at org.apache.struts2.dispatcher.Dispatcher.serviceAction(Dispatcher.java:552)
	at org.apache.struts2.dispatcher.ng.ExecuteOperations.executeAction(ExecuteOperations.java:77)
	at org.apache.struts2.dispatcher.ng.filter.StrutsPrepareAndExecuteFilter.doFilter(StrutsPrepareAndExecuteFilter.java:99)
	at org.mortbay.jetty.servlet.ServletHandler$CachedChain.doFilter(ServletHandler.java:1084)
	at org.mortbay.jetty.servlet.ServletHandler.handle(ServletHandler.java:360)
	at org.mortbay.jetty.security.SecurityHandler.handle(SecurityHandler.java:216)
	at org.mortbay.jetty.servlet.SessionHandler.handle(SessionHandler.java:181)
	at org.mortbay.jetty.handler.ContextHandler.handle(ContextHandler.java:726)
	at org.mortbay.jetty.webapp.WebAppContext.handle(WebAppContext.java:405)
	at org.mortbay.jetty.handler.ContextHandlerCollection.handle(ContextHandlerCollection.java:206)
	at org.mortbay.jetty.handler.HandlerCollection.handle(HandlerCollection.java:114)
	at org.mortbay.jetty.handler.HandlerWrapper.handle(HandlerWrapper.java:139)
	at org.mortbay.jetty.Server.handle(Server.java:324)
	at org.mortbay.jetty.HttpConnection.handleRequest(HttpConnection.java:505)
	at org.mortbay.jetty.HttpConnection$RequestHandler.headerComplete(HttpConnection.java:828)
	at org.mortbay.jetty.HttpParser.parseNext(HttpParser.java:514)
	at org.mortbay.jetty.HttpParser.parseAvailable(HttpParser.java:211)
	at org.mortbay.jetty.HttpConnection.handle(HttpConnection.java:380)
	at org.mortbay.io.nio.SelectChannelEndPoint.run(SelectChannelEndPoint.java:395)
	at org.mortbay.thread.BoundedThreadPool$PoolThread.run(BoundedThreadPool.java:450)
